2023-03-25 15:41:43.336  INFO 17956 --- [restartedMain] org.fjnu.SpringbootMain                  : Starting SpringbootMain on LAPTOP-IN09JN1I with PID 17956 (P:\Learning\Personal-Log\Personal-Blog\target\classes started by jhlyh in P:\Learning\Personal-Log\Personal-Blog)
2023-03-25 15:41:43.338 DEBUG 17956 --- [restartedMain] org.fjnu.SpringbootMain                  : Running with Spring Boot v2.2.6.RELEASE, Spring v5.2.5.RELEASE
2023-03-25 15:41:43.338  INFO 17956 --- [restartedMain] org.fjnu.SpringbootMain                  : The following profiles are active: dev
2023-03-25 15:41:43.402  INFO 17956 --- [restartedMain] o.s.b.devtools.restart.ChangeableUrls    : The Class-Path manifest attribute in G:\apache-maven-3.6.3-bin\apache-maven-3.6.3\repository\org\glassfish\jaxb\jaxb-runtime\2.3.2\jaxb-runtime-2.3.2.jar referenced one or more files that do not exist: file:/G:/apache-maven-3.6.3-bin/apache-maven-3.6.3/repository/org/glassfish/jaxb/jaxb-runtime/2.3.2/jakarta.xml.bind-api-2.3.2.jar,file:/G:/apache-maven-3.6.3-bin/apache-maven-3.6.3/repository/org/glassfish/jaxb/jaxb-runtime/2.3.2/txw2-2.3.2.jar,file:/G:/apache-maven-3.6.3-bin/apache-maven-3.6.3/repository/org/glassfish/jaxb/jaxb-runtime/2.3.2/istack-commons-runtime-3.0.8.jar,file:/G:/apache-maven-3.6.3-bin/apache-maven-3.6.3/repository/org/glassfish/jaxb/jaxb-runtime/2.3.2/stax-ex-1.8.1.jar,file:/G:/apache-maven-3.6.3-bin/apache-maven-3.6.3/repository/org/glassfish/jaxb/jaxb-runtime/2.3.2/FastInfoset-1.2.16.jar,file:/G:/apache-maven-3.6.3-bin/apache-maven-3.6.3/repository/org/glassfish/jaxb/jaxb-runtime/2.3.2/jakarta.activation-api-1.2.1.jar
2023-03-25 15:41:43.404  INFO 17956 --- [restartedMain] .e.DevToolsPropertyDefaultsPostProcessor : Devtools property defaults active! Set 'spring.devtools.add-properties' to 'false' to disable
2023-03-25 15:41:43.404  INFO 17956 --- [restartedMain] .e.DevToolsPropertyDefaultsPostProcessor : For additional web related logging consider setting the 'logging.level.web' property to 'DEBUG'
2023-03-25 15:41:44.088  INFO 17956 --- [restartedMain] .s.d.r.c.RepositoryConfigurationDelegate : Bootstrapping Spring Data JPA repositories in DEFAULT mode.
2023-03-25 15:41:44.168  INFO 17956 --- [restartedMain] .s.d.r.c.RepositoryConfigurationDelegate : Finished Spring Data repository scanning in 64ms. Found 4 JPA repository interfaces.
2023-03-25 15:41:44.699  INFO 17956 --- [restartedMain] o.s.b.w.embedded.tomcat.TomcatWebServer  : Tomcat initialized with port(s): 8080 (http)
2023-03-25 15:41:44.709  INFO 17956 --- [restartedMain] o.apache.catalina.core.StandardService   : Starting service [Tomcat]
2023-03-25 15:41:44.709  INFO 17956 --- [restartedMain] org.apache.catalina.core.StandardEngine  : Starting Servlet engine: [Apache Tomcat/9.0.33]
2023-03-25 15:41:44.794  INFO 17956 --- [restartedMain] o.a.c.c.C.[Tomcat].[localhost].[/]       : Initializing Spring embedded WebApplicationContext
2023-03-25 15:41:44.795  INFO 17956 --- [restartedMain] o.s.web.context.ContextLoader            : Root WebApplicationContext: initialization completed in 1391 ms
2023-03-25 15:41:44.974  INFO 17956 --- [restartedMain] o.hibernate.jpa.internal.util.LogHelper  : HHH000204: Processing PersistenceUnitInfo [name: default]
2023-03-25 15:41:45.051  INFO 17956 --- [restartedMain] org.hibernate.Version                    : HHH000412: Hibernate ORM core version 5.4.12.Final
2023-03-25 15:41:45.182  INFO 17956 --- [restartedMain] o.hibernate.annotations.common.Version   : HCANN000001: Hibernate Commons Annotations {5.1.0.Final}
2023-03-25 15:41:45.285  INFO 17956 --- [restartedMain] com.zaxxer.hikari.HikariDataSource       : HikariPool-1 - Starting...
2023-03-25 15:41:45.656  INFO 17956 --- [restartedMain] com.zaxxer.hikari.HikariDataSource       : HikariPool-1 - Start completed.
2023-03-25 15:41:45.674  INFO 17956 --- [restartedMain] org.hibernate.dialect.Dialect            : HHH000400: Using dialect: org.hibernate.dialect.MySQL57Dialect
2023-03-25 15:41:47.237  INFO 17956 --- [restartedMain] o.h.e.t.j.p.i.JtaPlatformInitiator       : HHH000490: Using JtaPlatform implementation: [org.hibernate.engine.transaction.jta.platform.internal.NoJtaPlatform]
2023-03-25 15:41:47.261  INFO 17956 --- [restartedMain] j.LocalContainerEntityManagerFactoryBean : Initialized JPA EntityManagerFactory for persistence unit 'default'
2023-03-25 15:41:47.285  INFO 17956 --- [restartedMain] o.s.b.d.a.OptionalLiveReloadServer       : LiveReload server is running on port 35729
2023-03-25 15:41:47.704  WARN 17956 --- [restartedMain] JpaBaseConfiguration$JpaWebConfiguration : spring.jpa.open-in-view is enabled by default. Therefore, database queries may be performed during view rendering. Explicitly configure spring.jpa.open-in-view to disable this warning
2023-03-25 15:41:47.817  INFO 17956 --- [restartedMain] o.s.s.concurrent.ThreadPoolTaskExecutor  : Initializing ExecutorService 'applicationTaskExecutor'
2023-03-25 15:41:47.881  INFO 17956 --- [restartedMain] o.s.b.a.w.s.WelcomePageHandlerMapping    : Adding welcome page template: index
2023-03-25 15:41:48.127  INFO 17956 --- [restartedMain] o.s.b.w.embedded.tomcat.TomcatWebServer  : Tomcat started on port(s): 8080 (http) with context path ''
2023-03-25 15:41:48.131  INFO 17956 --- [restartedMain] org.fjnu.SpringbootMain                  : Started SpringbootMain in 5.343 seconds (JVM running for 6.491)
2023-03-25 15:42:15.864  INFO 17956 --- [http-nio-8080-exec-1] o.a.c.c.C.[Tomcat].[localhost].[/]       : Initializing Spring DispatcherServlet 'dispatcherServlet'
2023-03-25 15:42:15.866  INFO 17956 --- [http-nio-8080-exec-1] o.s.web.servlet.DispatcherServlet        : Initializing Servlet 'dispatcherServlet'
2023-03-25 15:42:15.875  INFO 17956 --- [http-nio-8080-exec-1] o.s.web.servlet.DispatcherServlet        : Completed initialization in 9 ms
2023-03-25 15:51:46.561  INFO 17956 --- [SpringContextShutdownHook] o.s.s.concurrent.ThreadPoolTaskExecutor  : Shutting down ExecutorService 'applicationTaskExecutor'
2023-03-25 15:51:46.561  INFO 17956 --- [SpringContextShutdownHook] j.LocalContainerEntityManagerFactoryBean : Closing JPA EntityManagerFactory for persistence unit 'default'
2023-03-25 15:51:46.566  INFO 17956 --- [SpringContextShutdownHook] com.zaxxer.hikari.HikariDataSource       : HikariPool-1 - Shutdown initiated...
2023-03-25 15:51:46.573  INFO 17956 --- [SpringContextShutdownHook] com.zaxxer.hikari.HikariDataSource       : HikariPool-1 - Shutdown completed.
